<?xml version="1.0" encoding="UTF-8"?><testsuite errors="0" failures="1" name="realizar compras" skipped="0" tests="3" time="65.09" timestamp="2022-12-09 02:26:25"><testcase name=": finalizar exitosamente una compra desde el carrito"><failure message="&#10;Expected: an element that is visible&#10;     but: no matching element found by xpath: //span[text()='Products']" type="java.lang.AssertionError">
Expected: an element that is visible
     but: no matching element found by xpath: //span[text()='Products']</failure><system-err>
Expected: an element that is visible
     but: no matching element found by xpath: //span[text()='Products']&#13;
com.swaglabs.certification.website.tasks.IngresaLas.performAs(IngresaLas.java:30)&#13;
com.swaglabs.certification.website.stepdefinitions.CompletarCompraStepDefinitions.queElUsuarioIniciaSesionEnSwagLabs(CompletarCompraStepDefinitions.java:42)&#13;
cucumber.runner.Runner.runPickle(Runner.java:80)&#13;
worker.org.gradle.process.internal.worker.GradleWorkerMain.run(GradleWorkerMain.java:69)&#13;
worker.org.gradle.process.internal.worker.GradleWorkerMain.main(GradleWorkerMain.java:74)&#13;
</system-err></testcase></testsuite>